#
# There is insufficient memory for the Java Runtime Environment to continue.
# Native memory allocation (malloc) failed to allocate 770736 bytes for Chunk::new
# Possible reasons:
#   The system is out of physical RAM or swap space
#   In 32 bit mode, the process size limit was hit
# Possible solutions:
#   Reduce memory load on the system
#   Increase physical memory or swap space
#   Check if swap backing store is full
#   Use 64 bit Java on a 64 bit OS
#   Decrease Java heap size (-Xmx/-Xms)
#   Decrease number of Java threads
#   Decrease Java thread stack sizes (-Xss)
#   Set larger code cache with -XX:ReservedCodeCacheSize=
# This output file may be truncated or incomplete.
#
#  Out of Memory Error (allocation.cpp:390), pid=348, tid=0x00000000000020d4
#
# JRE version: Java(TM) SE Runtime Environment (8.0_172-b11) (build 1.8.0_172-b11)
# Java VM: Java HotSpot(TM) 64-Bit Server VM (25.172-b11 mixed mode windows-amd64 compressed oops)
# Failed to write core dump. Minidumps are not enabled by default on client versions of Windows
#

---------------  T H R E A D  ---------------

Current thread (0x0000000058bef800):  JavaThread "C2 CompilerThread1" daemon [_thread_in_native, id=8404, stack(0x00000000593c0000,0x00000000594c0000)]

Stack: [0x00000000593c0000,0x00000000594c0000]
[error occurred during error reporting (printing stack bounds), id 0xc0000005]

Native frames: (J=compiled Java code, j=interpreted, Vv=VM code, C=native code)


Current CompileTask:
C2:   7869 3550       4       java.lang.Class::privateGetMethodRecursive (130 bytes)


---------------  P R O C E S S  ---------------

Java Threads: ( => current thread )
  0x000000005dd4f800 JavaThread "Druid-ConnectionPool-Destroy-920632751" daemon [_thread_blocked, id=4220, stack(0x000000005f090000,0x000000005f190000)]
  0x000000005c463800 JavaThread "Druid-ConnectionPool-Create-920632751" daemon [_thread_blocked, id=10672, stack(0x000000005ec70000,0x000000005ed70000)]
  0x000000005ae35800 JavaThread "Abandoned connection cleanup thread" daemon [_thread_blocked, id=9504, stack(0x000000005ed90000,0x000000005ee90000)]
  0x0000000058c64000 JavaThread "Service Thread" daemon [_thread_blocked, id=3540, stack(0x00000000597f0000,0x00000000598f0000)]
  0x0000000058bf0800 JavaThread "C1 CompilerThread2" daemon [_thread_blocked, id=11072, stack(0x0000000059640000,0x0000000059740000)]
=>0x0000000058bef800 JavaThread "C2 CompilerThread1" daemon [_thread_in_native, id=8404, stack(0x00000000593c0000,0x00000000594c0000)]
  0x0000000058bee000 JavaThread "C2 CompilerThread0" daemon [_thread_in_native, id=10544, stack(0x0000000059140000,0x0000000059240000)]
  0x0000000058bd6800 JavaThread "Monitor Ctrl-Break" daemon [_thread_in_native, id=9240, stack(0x0000000059250000,0x0000000059350000)]
  0x0000000058bb1000 JavaThread "Attach Listener" daemon [_thread_blocked, id=4836, stack(0x0000000059000000,0x0000000059100000)]
  0x000000005764a800 JavaThread "Signal Dispatcher" daemon [_thread_blocked, id=8580, stack(0x0000000058680000,0x0000000058780000)]
  0x0000000057632800 JavaThread "Finalizer" daemon [_thread_blocked, id=7376, stack(0x0000000058aa0000,0x0000000058ba0000)]
  0x00000000575e9800 JavaThread "Reference Handler" daemon [_thread_blocked, id=9344, stack(0x00000000589a0000,0x0000000058aa0000)]
  0x0000000002440000 JavaThread "main" [_thread_in_native, id=11132, stack(0x00000000026f0000,0x00000000027f0000)]

Other Threads:
  0x00000000575e4000 VMThread [stack: 0x00000000587b0000,0x00000000588b0000] [id=11180]
  0x0000000058ceb000 WatcherThread [stack: 0x0000000059a00000,0x0000000059b00000] [id=9472]

VM state:not at safepoint (normal execution)

VM Mutex/Monitor currently owned by a thread: None

Heap:
 PSYoungGen      total 116224K, used 35775K [0x00000000d5c00000, 0x00000000ddc00000, 0x0000000100000000)
  eden space 107008K, 33% used [0x00000000d5c00000,0x00000000d7eefc70,0x00000000dc480000)
  from space 9216K, 0% used [0x00000000dc480000,0x00000000dc480000,0x00000000dcd80000)
  to   space 9216K, 0% used [0x00000000dcd80000,0x00000000dcd80000,0x00000000dd680000)
 ParOldGen       total 54272K, used 15064K [0x0000000081400000, 0x0000000084900000, 0x00000000d5c00000)
  object space 54272K, 27% used [0x0000000081400000,0x00000000822b6248,0x0000000084900000)
 Metaspace       used 38414K, capacity 39552K, committed 39680K, reserved 1083392K
  class space    used 4798K, capacity 5040K, committed 5120K, reserved 1048576K

Card table byte_map: [0x0000000011d40000,0x0000000012140000] byte_map_base: 0x0000000011936000

Marking Bits: (ParMarkBitMap*) 0x0000000066833c10
 Begin Bits: [0x00000000128f0000, 0x00000000148a0000)
 End Bits:   [0x00000000148a0000, 0x0000000016850000)

Polling page: 0x0000000000230000

CodeCache: size=245760Kb used=13326Kb max_used=13326Kb free=232433Kb
 bounds [0x0000000002980000, 0x0000000003690000, 0x0000000011980000]
 total_blobs=4079 nmethods=3594 adapters=397
 compilation: enabled

Compilation events (10 events):
Event: 7.858 Thread 0x0000000058bf0800 3620       3       com.sun.org.apache.xml.internal.dtm.ref.dom2dtm.DOM2DTM::nextNode (740 bytes)
Event: 7.863 Thread 0x0000000058bf0800 nmethod 3620 0x0000000003682050 code [0x00000000036825c0, 0x0000000003685c88]
Event: 7.863 Thread 0x0000000058bf0800 3623       3       com.sun.org.apache.xml.internal.dtm.ref.ExpandedNameTable::getExpandedTypeID (272 bytes)
Event: 7.864 Thread 0x0000000058bf0800 nmethod 3623 0x0000000003687710 code [0x0000000003687940, 0x0000000003688908]
Event: 7.864 Thread 0x0000000058bf0800 3622       3       com.sun.org.apache.xml.internal.dtm.ref.DTMDefaultBase::makeNodeIdentity (80 bytes)
Event: 7.864 Thread 0x0000000058bf0800 nmethod 3622 0x0000000003689110 code [0x00000000036892a0, 0x0000000003689688]
Event: 7.864 Thread 0x0000000058bf0800 3621       3       com.sun.org.apache.xerces.internal.dom.NodeImpl::needsSyncChildren (15 bytes)
Event: 7.864 Thread 0x0000000058bf0800 nmethod 3621 0x0000000003689890 code [0x00000000036899e0, 0x0000000003689b90]
Event: 7.865 Thread 0x0000000058bf0800 3624       1       com.sun.org.apache.xpath.internal.axes.LocPathIterator::getXPathContext (5 bytes)
Event: 7.865 Thread 0x0000000058bf0800 nmethod 3624 0x0000000003689c10 code [0x0000000003689d60, 0x0000000003689e70]

GC Heap History (10 events):
Event: 4.804 GC heap before
{Heap before GC invocations=7 (full 1):
 PSYoungGen      total 71680K, used 66560K [0x00000000d5c00000, 0x00000000da700000, 0x0000000100000000)
  eden space 66560K, 100% used [0x00000000d5c00000,0x00000000d9d00000,0x00000000d9d00000)
  from space 5120K, 0% used [0x00000000d9d00000,0x00000000d9d00000,0x00000000da200000)
  to   space 5120K, 0% used [0x00000000da200000,0x00000000da200000,0x00000000da700000)
 ParOldGen       total 54272K, used 9322K [0x0000000081400000, 0x0000000084900000, 0x00000000d5c00000)
  object space 54272K, 17% used [0x0000000081400000,0x0000000081d1ab00,0x0000000084900000)
 Metaspace       used 26029K, capacity 26852K, committed 27136K, reserved 1073152K
  class space    used 3317K, capacity 3524K, committed 3584K, reserved 1048576K
Event: 4.811 GC heap after
Heap after GC invocations=7 (full 1):
 PSYoungGen      total 68096K, used 5100K [0x00000000d5c00000, 0x00000000ddd00000, 0x0000000100000000)
  eden space 62976K, 0% used [0x00000000d5c00000,0x00000000d5c00000,0x00000000d9980000)
  from space 5120K, 99% used [0x00000000da200000,0x00000000da6fb1e0,0x00000000da700000)
  to   space 8704K, 0% used [0x00000000d9980000,0x00000000d9980000,0x00000000da200000)
 ParOldGen       total 54272K, used 10427K [0x0000000081400000, 0x0000000084900000, 0x00000000d5c00000)
  object space 54272K, 19% used [0x0000000081400000,0x0000000081e2eed0,0x0000000084900000)
 Metaspace       used 26029K, capacity 26852K, committed 27136K, reserved 1073152K
  class space    used 3317K, capacity 3524K, committed 3584K, reserved 1048576K
}
Event: 5.553 GC heap before
{Heap before GC invocations=8 (full 1):
 PSYoungGen      total 68096K, used 68076K [0x00000000d5c00000, 0x00000000ddd00000, 0x0000000100000000)
  eden space 62976K, 100% used [0x00000000d5c00000,0x00000000d9980000,0x00000000d9980000)
  from space 5120K, 99% used [0x00000000da200000,0x00000000da6fb1e0,0x00000000da700000)
  to   space 8704K, 0% used [0x00000000d9980000,0x00000000d9980000,0x00000000da200000)
 ParOldGen       total 54272K, used 10427K [0x0000000081400000, 0x0000000084900000, 0x00000000d5c00000)
  object space 54272K, 19% used [0x0000000081400000,0x0000000081e2eed0,0x0000000084900000)
 Metaspace       used 29380K, capacity 30286K, committed 30464K, reserved 1075200K
  class space    used 3778K, capacity 3983K, committed 4096K, reserved 1048576K
Event: 5.561 GC heap after
Heap after GC invocations=8 (full 1):
 PSYoungGen      total 71680K, used 7279K [0x00000000d5c00000, 0x00000000dd680000, 0x0000000100000000)
  eden space 62976K, 0% used [0x00000000d5c00000,0x00000000d5c00000,0x00000000d9980000)
  from space 8704K, 83% used [0x00000000d9980000,0x00000000da09be10,0x00000000da200000)
  to   space 9216K, 0% used [0x00000000dcd80000,0x00000000dcd80000,0x00000000dd680000)
 ParOldGen       total 54272K, used 10435K [0x0000000081400000, 0x0000000084900000, 0x00000000d5c00000)
  object space 54272K, 19% used [0x0000000081400000,0x0000000081e30ed0,0x0000000084900000)
 Metaspace       used 29380K, capacity 30286K, committed 30464K, reserved 1075200K
  class space    used 3778K, capacity 3983K, committed 4096K, reserved 1048576K
}
Event: 6.221 GC heap before
{Heap before GC invocations=9 (full 1):
 PSYoungGen      total 71680K, used 70255K [0x00000000d5c00000, 0x00000000dd680000, 0x0000000100000000)
  eden space 62976K, 100% used [0x00000000d5c00000,0x00000000d9980000,0x00000000d9980000)
  from space 8704K, 83% used [0x00000000d9980000,0x00000000da09be10,0x00000000da200000)
  to   space 9216K, 0% used [0x00000000dcd80000,0x00000000dcd80000,0x00000000dd680000)
 ParOldGen       total 54272K, used 10435K [0x0000000081400000, 0x0000000084900000, 0x00000000d5c00000)
  object space 54272K, 19% used [0x0000000081400000,0x0000000081e30ed0,0x0000000084900000)
 Metaspace       used 31757K, capacity 32720K, committed 32768K, reserved 1077248K
  class space    used 4085K, capacity 4304K, committed 4352K, reserved 1048576K
Event: 6.270 GC heap after
Heap after GC invocations=9 (full 1):
 PSYoungGen      total 116224K, used 7183K [0x00000000d5c00000, 0x00000000ddc00000, 0x0000000100000000)
  eden space 107008K, 0% used [0x00000000d5c00000,0x00000000d5c00000,0x00000000dc480000)
  from space 9216K, 77% used [0x00000000dcd80000,0x00000000dd483e10,0x00000000dd680000)
  to   space 9216K, 0% used [0x00000000dc480000,0x00000000dc480000,0x00000000dcd80000)
 ParOldGen       total 54272K, used 10435K [0x0000000081400000, 0x0000000084900000, 0x00000000d5c00000)
  object space 54272K, 19% used [0x0000000081400000,0x0000000081e30ed0,0x0000000084900000)
 Metaspace       used 31757K, capacity 32720K, committed 32768K, reserved 1077248K
  class space    used 4085K, capacity 4304K, committed 4352K, reserved 1048576K
}
Event: 7.039 GC heap before
{Heap before GC invocations=10 (full 1):
 PSYoungGen      total 116224K, used 86147K [0x00000000d5c00000, 0x00000000ddc00000, 0x0000000100000000)
  eden space 107008K, 73% used [0x00000000d5c00000,0x00000000da91d008,0x00000000dc480000)
  from space 9216K, 77% used [0x00000000dcd80000,0x00000000dd483e10,0x00000000dd680000)
  to   space 9216K, 0% used [0x00000000dc480000,0x00000000dc480000,0x00000000dcd80000)
 ParOldGen       total 54272K, used 10435K [0x0000000081400000, 0x0000000084900000, 0x00000000d5c00000)
  object space 54272K, 19% used [0x0000000081400000,0x0000000081e30ed0,0x0000000084900000)
 Metaspace       used 34211K, capacity 35294K, committed 35416K, reserved 1081344K
  class space    used 4309K, capacity 4559K, committed 4608K, reserved 1048576K
Event: 7.071 GC heap after
Heap after GC invocations=10 (full 1):
 PSYoungGen      total 116224K, used 7805K [0x00000000d5c00000, 0x00000000ddc00000, 0x0000000100000000)
  eden space 107008K, 0% used [0x00000000d5c00000,0x00000000d5c00000,0x00000000dc480000)
  from space 9216K, 84% used [0x00000000dc480000,0x00000000dcc1f5a8,0x00000000dcd80000)
  to   space 9216K, 0% used [0x00000000dcd80000,0x00000000dcd80000,0x00000000dd680000)
 ParOldGen       total 54272K, used 12786K [0x0000000081400000, 0x0000000084900000, 0x00000000d5c00000)
  object space 54272K, 23% used [0x0000000081400000,0x000000008207cbf0,0x0000000084900000)
 Metaspace       used 34211K, capacity 35294K, committed 35416K, reserved 1081344K
  class space    used 4309K, capacity 4559K, committed 4608K, reserved 1048576K
}
Event: 7.071 GC heap before
{Heap before GC invocations=11 (full 2):
 PSYoungGen      total 116224K, used 7805K [0x00000000d5c00000, 0x00000000ddc00000, 0x0000000100000000)
  eden space 107008K, 0% used [0x00000000d5c00000,0x00000000d5c00000,0x00000000dc480000)
  from space 9216K, 84% used [0x00000000dc480000,0x00000000dcc1f5a8,0x00000000dcd80000)
  to   space 9216K, 0% used [0x00000000dcd80000,0x00000000dcd80000,0x00000000dd680000)
 ParOldGen       total 54272K, used 12786K [0x0000000081400000, 0x0000000084900000, 0x00000000d5c00000)
  object space 54272K, 23% used [0x0000000081400000,0x000000008207cbf0,0x0000000084900000)
 Metaspace       used 34211K, capacity 35294K, committed 35416K, reserved 1081344K
  class space    used 4309K, capacity 4559K, committed 4608K, reserved 1048576K
Event: 7.199 GC heap after
Heap after GC invocations=11 (full 2):
 PSYoungGen      total 116224K, used 0K [0x00000000d5c00000, 0x00000000ddc00000, 0x0000000100000000)
  eden space 107008K, 0% used [0x00000000d5c00000,0x00000000d5c00000,0x00000000dc480000)
  from space 9216K, 0% used [0x00000000dc480000,0x00000000dc480000,0x00000000dcd80000)
  to   space 9216K, 0% used [0x00000000dcd80000,0x00000000dcd80000,0x00000000dd680000)
 ParOldGen       total 54272K, used 15064K [0x0000000081400000, 0x0000000084900000, 0x00000000d5c00000)
  object space 54272K, 27% used [0x0000000081400000,0x00000000822b6248,0x0000000084900000)
 Metaspace       used 34211K, capacity 35294K, committed 35416K, reserved 1081344K
  class space    used 4309K, capacity 4559K, committed 4608K, reserved 1048576K
}

Deoptimization events (10 events):
Event: 7.238 Thread 0x0000000002440000 Uncommon trap: reason=unstable_if action=reinterpret pc=0x0000000002ccbb74 method=sun.nio.cs.UTF_8$Decoder.decode([BII[C)I @ 30
Event: 7.247 Thread 0x0000000002440000 Uncommon trap: reason=unstable_if action=reinterpret pc=0x0000000002f91014 method=java.util.Properties.loadConvert([CII[C)Ljava/lang/String; @ 57
Event: 7.248 Thread 0x0000000002440000 Uncommon trap: reason=unstable_if action=reinterpret pc=0x0000000002ea6714 method=java.util.Properties.loadConvert([CII[C)Ljava/lang/String; @ 57
Event: 7.539 Thread 0x0000000002440000 Uncommon trap: reason=null_check action=make_not_entrant pc=0x00000000035d61a4 method=org.springframework.core.annotation.AnnotatedElementUtils.searchWithFindSemantics(Ljava/lang/reflect/AnnotatedElement;Ljava/lang/Class;Ljava/lang/String;Ljava/lang/Class
Event: 7.540 Thread 0x0000000002440000 Uncommon trap: reason=unstable_if action=reinterpret pc=0x000000000357fdb8 method=org.springframework.core.annotation.AnnotationUtils.getAnnotatedMethodsInBaseType(Ljava/lang/Class;)Ljava/util/Set; @ 92
Event: 7.571 Thread 0x0000000002440000 Uncommon trap: reason=unstable_if action=reinterpret pc=0x000000000358c184 method=java.util.concurrent.ConcurrentHashMap.putVal(Ljava/lang/Object;Ljava/lang/Object;Z)Ljava/lang/Object; @ 331
Event: 7.582 Thread 0x0000000002440000 Uncommon trap: reason=unstable_if action=reinterpret pc=0x0000000002e4dbf4 method=java.util.concurrent.ConcurrentHashMap.transfer([Ljava/util/concurrent/ConcurrentHashMap$Node;[Ljava/util/concurrent/ConcurrentHashMap$Node;)V @ 356
Event: 7.605 Thread 0x0000000002440000 Uncommon trap: reason=unstable_if action=reinterpret pc=0x0000000003383b5c method=java.util.concurrent.ConcurrentHashMap.transfer([Ljava/util/concurrent/ConcurrentHashMap$Node;[Ljava/util/concurrent/ConcurrentHashMap$Node;)V @ 356
Event: 7.755 Thread 0x0000000002440000 Uncommon trap: reason=unstable_if action=reinterpret pc=0x0000000002ba26b0 method=java.lang.AbstractStringBuilder.append(Ljava/lang/String;)Ljava/lang/AbstractStringBuilder; @ 1
Event: 7.787 Thread 0x0000000002440000 Uncommon trap: reason=unstable_if action=reinterpret pc=0x00000000030c93f0 method=com.sun.org.apache.xerces.internal.util.SymbolTable.addSymbol([CII)Ljava/lang/String; @ 64

Classes redefined (0 events):
No events

Internal exceptions (10 events):
Event: 6.790 Thread 0x0000000002440000 Exception <a 'java/lang/ClassNotFoundException': com/alibaba/druid/filter/FilterCustomizer> (0x00000000d918bf38) thrown at [C:\re\workspace\8-2-build-windows-amd64-cygwin\jdk8u172\10810\hotspot\src\share\vm\classfile\systemDictionary.cpp, line 210]
Event: 6.794 Thread 0x0000000002440000 Exception <a 'java/lang/ClassNotFoundException': javax/management/NotificationEmitterCustomizer> (0x00000000d931fe18) thrown at [C:\re\workspace\8-2-build-windows-amd64-cygwin\jdk8u172\10810\hotspot\src\share\vm\classfile\systemDictionary.cpp, line 210]
Event: 6.987 Thread 0x0000000002440000 Implicit null exception at 0x0000000002bbe686 to 0x0000000002bbea21
Event: 7.539 Thread 0x0000000002440000 Implicit null exception at 0x00000000035d3ce2 to 0x00000000035d6165
Event: 7.616 Thread 0x0000000002440000 Exception <a 'java/lang/ClassNotFoundException': java/lang/ObjectCustomizer> (0x00000000d70bf790) thrown at [C:\re\workspace\8-2-build-windows-amd64-cygwin\jdk8u172\10810\hotspot\src\share\vm\classfile\systemDictionary.cpp, line 210]
Event: 7.617 Thread 0x0000000002440000 Exception <a 'java/lang/ClassNotFoundException': org/springframework/boot/autoconfigure/jdbc/DataSourceInitializerInvokerCustomizer> (0x00000000d70f4618) thrown at [C:\re\workspace\8-2-build-windows-amd64-cygwin\jdk8u172\10810\hotspot\src\share\vm\classfi
Event: 7.618 Thread 0x0000000002440000 Exception <a 'java/lang/ClassNotFoundException': org/springframework/context/ApplicationListenerCustomizer> (0x00000000d7121408) thrown at [C:\re\workspace\8-2-build-windows-amd64-cygwin\jdk8u172\10810\hotspot\src\share\vm\classfile\systemDictionary.cpp, 
Event: 7.619 Thread 0x0000000002440000 Exception <a 'java/lang/ClassNotFoundException': org/springframework/beans/factory/InitializingBeanCustomizer> (0x00000000d71499a8) thrown at [C:\re\workspace\8-2-build-windows-amd64-cygwin\jdk8u172\10810\hotspot\src\share\vm\classfile\systemDictionary.cp
Event: 7.644 Thread 0x0000000002440000 Exception <a 'java/lang/NoSuchMethodError': org.slf4j.impl.StaticMarkerBinder.getSingleton()Lorg/slf4j/impl/StaticMarkerBinder;> (0x00000000d7310420) thrown at [C:\re\workspace\8-2-build-windows-amd64-cygwin\jdk8u172\10810\hotspot\src\share\vm\interpreter
Event: 7.755 Thread 0x0000000002440000 Implicit null exception at 0x0000000002ba2306 to 0x0000000002ba2699

Events (10 events):
Event: 7.858 loading class com/sun/org/apache/xpath/internal/axes/NodeSequence$IteratorCache
Event: 7.858 loading class com/sun/org/apache/xpath/internal/axes/NodeSequence$IteratorCache done
Event: 7.860 loading class com/core/rule/bean/dataObj/DraftDo
Event: 7.860 loading class com/core/rule/bean/dataObj/DraftDo done
Event: 7.863 loading class org/apache/ibatis/mapping/ResultFlag
Event: 7.863 loading class org/apache/ibatis/mapping/ResultFlag done
Event: 7.863 loading class org/apache/ibatis/reflection/MetaClass
Event: 7.863 loading class org/apache/ibatis/reflection/MetaClass done
Event: 7.865 loading class org/apache/ibatis/reflection/Reflector
Event: 7.865 loading class org/apache/ibatis/reflection/Reflector done


Dynamic libraries:
0x000000013fa90000 - 0x000000013fac7000 	C:\Program Files\Java\jdk1.8.0_172\bin\java.exe
0x0000000076fd0000 - 0x000000007717a000 	C:\windows\SYSTEM32\ntdll.dll
0x0000000076eb0000 - 0x0000000076fcf000 	C:\windows\system32\kernel32.dll
0x000007fefcef0000 - 0x000007fefcf5a000 	C:\windows\system32\KERNELBASE.dll
0x000007fefeba0000 - 0x000007fefec7b000 	C:\windows\system32\ADVAPI32.dll
0x000007fefe940000 - 0x000007fefe9df000 	C:\windows\system32\msvcrt.dll
0x000007fefee70000 - 0x000007fefee8f000 	C:\windows\SYSTEM32\sechost.dll
0x000007fefd510000 - 0x000007fefd63d000 	C:\windows\system32\RPCRT4.dll
0x0000000076c70000 - 0x0000000076d6a000 	C:\windows\system32\USER32.dll
0x000007fefef60000 - 0x000007fefefc7000 	C:\windows\system32\GDI32.dll
0x000007fefe9e0000 - 0x000007fefe9ee000 	C:\windows\system32\LPK.dll
0x000007fefee90000 - 0x000007fefef5a000 	C:\windows\system32\USP10.dll
0x000007fefb4a0000 - 0x000007fefb694000 	C:\windows\WinSxS\amd64_microsoft.windows.common-controls_6595b64144ccf1df_6.0.7601.23403_none_e36ad4593102f066\COMCTL32.dll
0x000007fefeb20000 - 0x000007fefeb91000 	C:\windows\system32\SHLWAPI.dll
0x000007fefeaf0000 - 0x000007fefeb1e000 	C:\windows\system32\IMM32.DLL
0x000007fefe830000 - 0x000007fefe939000 	C:\windows\system32\MSCTF.dll
0x000000006b950000 - 0x000000006ba22000 	C:\Program Files\Java\jdk1.8.0_172\jre\bin\msvcr100.dll
0x0000000066010000 - 0x00000000668b3000 	C:\Program Files\Java\jdk1.8.0_172\jre\bin\server\jvm.dll
0x000007fefb430000 - 0x000007fefb439000 	C:\windows\system32\WSOCK32.dll
0x000007fefd6d0000 - 0x000007fefd71d000 	C:\windows\system32\WS2_32.dll
0x000007fefd720000 - 0x000007fefd728000 	C:\windows\system32\NSI.dll
0x000007fefce90000 - 0x000007fefcecb000 	C:\windows\system32\WINMM.dll
0x000007fefbbe0000 - 0x000007fefbbec000 	C:\windows\system32\VERSION.dll
0x00000000771a0000 - 0x00000000771a7000 	C:\windows\system32\PSAPI.DLL
0x0000000071130000 - 0x000000007113f000 	C:\Program Files\Java\jdk1.8.0_172\jre\bin\verify.dll
0x00000000708f0000 - 0x0000000070919000 	C:\Program Files\Java\jdk1.8.0_172\jre\bin\java.dll
0x000000006a190000 - 0x000000006a1b3000 	C:\Program Files\Java\jdk1.8.0_172\jre\bin\instrument.dll
0x00000000710b0000 - 0x00000000710c6000 	C:\Program Files\Java\jdk1.8.0_172\jre\bin\zip.dll
0x000007fefda00000 - 0x000007fefe78c000 	C:\windows\system32\SHELL32.dll
0x000007fefeff0000 - 0x000007feff1f3000 	C:\windows\system32\ole32.dll
0x000007fefcb20000 - 0x000007fefcb2f000 	C:\windows\system32\profapi.dll
0x000007fef7e30000 - 0x000007fef7e4a000 	C:\Program Files\JetBrains\IntelliJ IDEA 2017.3.5\bin\breakgen64.dll
0x0000000070890000 - 0x00000000708aa000 	C:\Program Files\Java\jdk1.8.0_172\jre\bin\net.dll
0x000007fefc290000 - 0x000007fefc2e5000 	C:\windows\system32\mswsock.dll
0x000007fefc280000 - 0x000007fefc287000 	C:\windows\System32\wship6.dll
0x000000006ace0000 - 0x000000006aced000 	C:\Program Files\Java\jdk1.8.0_172\jre\bin\management.dll
0x000007fefacd0000 - 0x000007feface5000 	C:\windows\system32\NLAapi.dll
0x000007fef8b00000 - 0x000007fef8b15000 	C:\windows\system32\napinsp.dll
0x000007feebdf0000 - 0x000007feebe09000 	C:\windows\system32\pnrpnsp.dll
0x000007fefc110000 - 0x000007fefc16b000 	C:\windows\system32\DNSAPI.dll
0x000007feebc90000 - 0x000007feebc9b000 	C:\windows\System32\winrnr.dll
0x000007feebc80000 - 0x000007feebc90000 	C:\windows\system32\wshbth.dll
0x000007fefbfa0000 - 0x000007fefbfa7000 	C:\windows\System32\wshtcpip.dll
0x000007fefa5e0000 - 0x000007fefa607000 	C:\windows\system32\IPHLPAPI.DLL
0x000007fefa5d0000 - 0x000007fefa5db000 	C:\windows\system32\WINNSI.DLL
0x000007fef9e80000 - 0x000007fef9e98000 	C:\windows\system32\dhcpcsvc.DLL
0x000007fef8da0000 - 0x000007fef8db1000 	C:\windows\system32\dhcpcsvc6.DLL
0x000007fefa4a0000 - 0x000007fefa4a8000 	C:\windows\system32\rasadhlp.dll
0x000007fefa850000 - 0x000007fefa8a3000 	C:\windows\System32\fwpuclnt.dll
0x0000000070780000 - 0x0000000070791000 	C:\Program Files\Java\jdk1.8.0_172\jre\bin\nio.dll

VM Arguments:
jvm_args: -ea -Didea.test.cyclic.buffer.size=1048576 -javaagent:C:\Program Files\JetBrains\IntelliJ IDEA 2017.3.5\lib\idea_rt.jar=60650:C:\Program Files\JetBrains\IntelliJ IDEA 2017.3.5\bin -Dfile.encoding=UTF-8 
java_command: com.intellij.rt.execution.junit.JUnitStarter -ideVersion5 -junit4 com.redis.RedisTest,test
java_class_path (initial): C:\Program Files\JetBrains\IntelliJ IDEA 2017.3.5\lib\idea_rt.jar;C:\Program Files\JetBrains\IntelliJ IDEA 2017.3.5\plugins\junit\lib\junit-rt.jar;C:\Program Files\JetBrains\IntelliJ IDEA 2017.3.5\plugins\junit\lib\junit5-rt.jar;C:\Program Files\Java\jdk1.8.0_172\jre\lib\charsets.jar;C:\Program Files\Java\jdk1.8.0_172\jre\lib\deploy.jar;C:\Program Files\Java\jdk1.8.0_172\jre\lib\ext\access-bridge-64.jar;C:\Program Files\Java\jdk1.8.0_172\jre\lib\ext\cldrdata.jar;C:\Program Files\Java\jdk1.8.0_172\jre\lib\ext\dnsns.jar;C:\Program Files\Java\jdk1.8.0_172\jre\lib\ext\jaccess.jar;C:\Program Files\Java\jdk1.8.0_172\jre\lib\ext\jfxrt.jar;C:\Program Files\Java\jdk1.8.0_172\jre\lib\ext\localedata.jar;C:\Program Files\Java\jdk1.8.0_172\jre\lib\ext\nashorn.jar;C:\Program Files\Java\jdk1.8.0_172\jre\lib\ext\sunec.jar;C:\Program Files\Java\jdk1.8.0_172\jre\lib\ext\sunjce_provider.jar;C:\Program Files\Java\jdk1.8.0_172\jre\lib\ext\sunmscapi.jar;C:\Program Files\Java\jdk1.8.0_172\jre\lib\ext\sunpkcs11.jar;C:\Program Files\Java\jdk1.8.0_172\jre\lib\ext\zipfs.jar;C:\Program Files\Java\jdk1.8.0_172\jre\lib\javaws.jar;C:\Program Files\Java\jdk1.8.0_172\jre\lib\jce.jar;C:\Program Files\Java\jdk1.8.0_172\jre\lib\jfr.jar;C:\Program Files\Java\jdk1.8.0_172\jre\lib\jfxswt.jar;C:\Program Files\Java\jdk1.8.0_172\jre\lib\jsse.jar;C:\Program Files\Java\jdk1.8.0_172\jre\lib\management-agent.jar;C:\Program Files\Java\jdk1.8.0_172\jre\lib\plugin.jar;C:\Program Files\Java\jdk1.8.0_172\jre\lib\resources.jar;C:\Program Files\Java\jdk1.8.0_172\jre\lib\rt.jar;C:\YangWenjunData\mySrc\MockFramework11\target\test-classes;C:\YangWenjunData\mySrc\MockFramework11\target\classes;C:\Users\YangWenjun\.m2\repository\org\springframework\boot\spring-boot-starter-web\2.0.5.RELEASE\spring-boot-starter-web-2.0.5.RELEASE.jar;C:\Users\YangWenjun\.m2\repository\org\springframework\boot\spring-boot-starter\2.0.5.RELEASE\spring-boot-starter-2.0.5.RELEASE.jar;C:\Users\YangWenjun\.m2\repositor
Launcher Type: SUN_STANDARD

Environment Variables:
JAVA_HOME=C:\Program Files\Java\jdk1.8.0_172
CLASSPATH=%JAVA_HOME%\jre\lib\rt.jar;.;
PATH=C:\Program Files (x86)\Common Files\Oracle\Java\javapath;C:\windows\system32;C:\windows;C:\windows\System32\Wbem;C:\windows\System32\WindowsPowerShell\v1.0\;%JAVA_HOME%\bin;C:\Program Files\Git\cmd;C:\YangWenjunData\apache-maven-3.6.0\bin;C:\btrace\bin;C:\Program Files\Calibre2\;C:\Users\YangWenjun\AppData\Local\BypassRuntm
USERNAME=YangWenjun
OS=Windows_NT
PROCESSOR_IDENTIFIER=Intel64 Family 6 Model 60 Stepping 3, GenuineIntel



---------------  S Y S T E M  ---------------

OS: Windows 7 , 64 bit Build 7601 (6.1.7601.23403)

CPU:total 4 (initial active 4) (2 cores per cpu, 2 threads per core) family 6 model 60 stepping 3, cmov, cx8, fxsr, mmx, sse, sse2, sse3, ssse3, sse4.1, sse4.2, popcnt, avx, avx2, aes, clmul, erms, lzcnt, ht, tsc, tscinvbit, bmi1, bmi2

Memory: 4k page, physical 8302960k(1769492k free), swap 8301104k(5264k free)

vm_info: Java HotSpot(TM) 64-Bit Server VM (25.172-b11) for windows-amd64 JRE (1.8.0_172-b11), built on Mar 28 2018 21:21:52 by "java_re" with MS VC++ 10.0 (VS2010)

time: Wed Mar 11 21:32:27 2020
elapsed time: 7 seconds (0d 0h 0m 7s)

